0 info it worked if it ends with ok
1 verbose cli [ '/usr/local/bin/node', '/usr/local/bin/npm', 'publish' ]
2 info using npm@4.0.0
3 info using node@v6.5.0
4 verbose publish [ '.' ]
5 silly cache add args [ '.', null ]
6 verbose cache add spec .
7 silly cache add parsed spec Result {
7 silly cache add   raw: '.',
7 silly cache add   scope: null,
7 silly cache add   escapedName: null,
7 silly cache add   name: null,
7 silly cache add   rawSpec: '.',
7 silly cache add   spec: '/Users/vanbazhagan/Documents/react-tiles',
7 silly cache add   type: 'directory' }
8 verbose addLocalDirectory /Users/vanbazhagan/.npm/react-tiles/2.0.0/package.tgz not in flight; packing
9 verbose correctMkdir /Users/vanbazhagan/.npm correctMkdir not in flight; initializing
10 info lifecycle react-tiles@2.0.0~prepublish: react-tiles@2.0.0
11 silly lifecycle react-tiles@2.0.0~prepublish: no script for prepublish, continuing
12 info lifecycle react-tiles@2.0.0~prepare: react-tiles@2.0.0
13 silly lifecycle react-tiles@2.0.0~prepare: no script for prepare, continuing
14 verbose tar pack [ '/Users/vanbazhagan/.npm/react-tiles/2.0.0/package.tgz',
14 verbose tar pack   '/Users/vanbazhagan/Documents/react-tiles' ]
15 verbose tarball /Users/vanbazhagan/.npm/react-tiles/2.0.0/package.tgz
16 verbose folder /Users/vanbazhagan/Documents/react-tiles
17 verbose addLocalTarball adding from inside cache /Users/vanbazhagan/.npm/react-tiles/2.0.0/package.tgz
18 verbose correctMkdir /Users/vanbazhagan/.npm correctMkdir not in flight; initializing
19 silly cache afterAdd react-tiles@2.0.0
20 verbose afterAdd /Users/vanbazhagan/.npm/react-tiles/2.0.0/package/package.json not in flight; writing
21 verbose correctMkdir /Users/vanbazhagan/.npm correctMkdir not in flight; initializing
22 verbose afterAdd /Users/vanbazhagan/.npm/react-tiles/2.0.0/package/package.json written
23 silly publish { name: 'react-tiles',
23 silly publish   version: '2.0.0',
23 silly publish   description: 'A React component for responsive photo grids in square aspect ratio',
23 silly publish   keywords:
23 silly publish    [ 'responsive images',
23 silly publish      'photo grid',
23 silly publish      'square image grid',
23 silly publish      'react-component' ],
23 silly publish   main: 'lib/index.js',
23 silly publish   repository:
23 silly publish    { type: 'git',
23 silly publish      url: 'git+https://github.com/vijay122/ReactTiles.git' },
23 silly publish   author: '',
23 silly publish   license: 'MIT',
23 silly publish   bugs: { url: 'https://github.com/james-oldfield/react-rpg/issues' },
23 silly publish   homepage: 'https://github.com/vijay122/ReactTiles',
23 silly publish   scripts:
23 silly publish    { postinstall: 'node -e "require(\'fs\').stat(\'lib\', function(e,s){process.exit(e || !s.isDirectory() ? 1 : 0)})" || npm run build-lib',
23 silly publish      preversion: 'npm run check',
23 silly publish      version: 'npm run clean && npm run build && git add -A dist',
23 silly publish      'clean-dist': 'rimraf dist',
23 silly publish      'build-dist-min': 'webpack --config webpack.config.js',
23 silly publish      'build-dist-dev': 'webpack --config webpack.config.dev.js',
23 silly publish      'build-dist': 'npm run clean-dist && npm run build-dist-min && npm run build-dist-dev',
23 silly publish      'clean-lib': 'rimraf lib',
23 silly publish      'build-lib': 'npm run clean-lib && babel src -d lib',
23 silly publish      clean: 'npm run clean-lib && npm run clean-dist',
23 silly publish      build: 'npm run build-lib && npm run build-dist',
23 silly publish      'server-dev': 'webpack-dev-server --port 3000 --config demo/webpack.config.dev.js --colors --content-base demo',
23 silly publish      'server-hot': 'webpack-dev-server --port 3000 --config demo/webpack.config.hot.js --colors --hot --content-base demo',
23 silly publish      'server-test': 'webpack-dev-server --port 3001 --config webpack.config.test.js --colors',
23 silly publish      dev: 'concurrent -kr \'npm run server-dev\' && \'npm run server-test\'',
23 silly publish      hot: 'concurrent -kr \'npm run server-hot\' \'npm run server-test\'',
23 silly publish      'open-demo': 'opener http://127.0.0.1:3000',
23 silly publish      'open-dev': 'concurrent -kr \'npm run dev\' && \'npm run open-demo\'',
23 silly publish      'open-hot': 'concurrent -kr \'npm run hot\' \'npm run open-demo\'',
23 silly publish      'lint-server': 'eslint -c .eslintrc-server *.js demo/webpack.*.js',
23 silly publish      'lint-client': 'eslint --ext .js,.jsx -c .eslintrc-client src demo/*.jsx',
23 silly publish      'lint-client-test': 'eslint --ext .js,.jsx -c .eslintrc-client-test src test/client',
23 silly publish      lint: 'npm run lint-server && npm run lint-client && npm run lint-client-test',
23 silly publish      'test-frontend': 'node node_modules/karma/bin/karma start karma.conf.js',
23 silly publish      'test-frontend-ci': 'node node_modules/karma/bin/karma start --browsers PhantomJS,Firefox karma.conf.coverage.js',
23 silly publish      'test-frontend-cov': 'node node_modules/karma/bin/karma start karma.conf.coverage.js',
23 silly publish      'test-frontend-dev': 'node node_modules/karma/bin/karma start karma.conf.dev.js',
23 silly publish      test: 'npm run test-frontend && echo \'TODO Server 13, Integration 12 tests.\'',
23 silly publish      'test-ci': 'npm run test-frontend-ci',
23 silly publish      'test-cov': 'npm run test-frontend-cov',
23 silly publish      'test-dev': 'npm run test-frontend-dev',
23 silly publish      check: 'npm run lint && npm run test',
23 silly publish      'check-ci': 'npm run lint && npm run test-ci',
23 silly publish      'check-cov': 'npm run lint && npm run test-cov',
23 silly publish      'check-dev': 'npm run lint && npm run test-dev' },
23 silly publish   dependencies:
23 silly publish    { babel: '^5.8.21',
23 silly publish      'babel-core': '^5.8.22',
23 silly publish      'babel-loader': '^5.3.2',
23 silly publish      'css-loader': '^0.20.1',
23 silly publish      'file-loader': '^0.8.4',
23 silly publish      rimraf: '^2.4.0',
23 silly publish      'style-loader': '^0.12.4',
23 silly publish      'url-loader': '~0.5.5',
23 silly publish      webpack: '^1.11.0' },
23 silly publish   devDependencies:
23 silly publish    { 'babel-eslint': '^4.1.3',
23 silly publish      chai: '^3.2.0',
23 silly publish      concurrently: '^0.1.1',
23 silly publish      eslint: '^1.10.3',
23 silly publish      'eslint-config-airbnb': '^2.0.0',
23 silly publish      'eslint-config-defaults': '^7.0.1',
23 silly publish      'eslint-plugin-filenames': '^0.1.2',
23 silly publish      'eslint-plugin-react': '^3.11.3',
23 silly publish      expect: '^1.20.1',
23 silly publish      'isparta-loader': '^1.0.0',
23 silly publish      karma: '^0.13.9',
23 silly publish      'karma-chrome-launcher': '^0.2.0',
23 silly publish      'karma-coverage': '^0.5.2',
23 silly publish      'karma-firefox-launcher': '^0.1.6',
23 silly publish      'karma-ie-launcher': '^0.2.0',
23 silly publish      'karma-mocha': '^0.2.0',
23 silly publish      'karma-phantomjs-launcher': '^0.2.1',
23 silly publish      'karma-phantomjs-shim': '^1.1.1',
23 silly publish      'karma-safari-launcher': '^0.1.1',
23 silly publish      'karma-sauce-launcher': '^0.2.14',
23 silly publish      'karma-spec-reporter': '0.0.20',
23 silly publish      'karma-webpack': '^1.7.0',
23 silly publish      lodash: '^3.10.1',
23 silly publish      mocha: '^2.2.5',
23 silly publish      opener: '^1.4.1',
23 silly publish      phantomjs: '^1.9.18',
23 silly publish      react: '^0.14.0',
23 silly publish      'react-addons-test-utils': '^0.14.0',
23 silly publish      'react-dom': '^0.14.0',
23 silly publish      'react-hot-loader': '^1.2.8',
23 silly publish      sinon: '^1.16.1',
23 silly publish      'sinon-chai': '^2.8.0',
23 silly publish      'webpack-dev-server': '^1.10.0' },
23 silly publish   readme: 'ERROR: No README data found!',
23 silly publish   _id: 'react-tiles@2.0.0',
23 silly publish   _shasum: 'fd74c7e2ce76c75ace951b3676104adc120947f2',
23 silly publish   _from: '.' }
24 info lifecycle react-tiles@2.0.0~prepublishOnly: react-tiles@2.0.0
25 silly lifecycle react-tiles@2.0.0~prepublishOnly: no script for prepublishOnly, continuing
26 verbose getPublishConfig undefined
27 silly mapToRegistry name react-tiles
28 silly mapToRegistry using default registry
29 silly mapToRegistry registry https://registry.npmjs.org/
30 silly mapToRegistry data Result {
30 silly mapToRegistry   raw: 'react-tiles',
30 silly mapToRegistry   scope: null,
30 silly mapToRegistry   escapedName: 'react-tiles',
30 silly mapToRegistry   name: 'react-tiles',
30 silly mapToRegistry   rawSpec: '',
30 silly mapToRegistry   spec: 'latest',
30 silly mapToRegistry   type: 'tag' }
31 silly mapToRegistry uri https://registry.npmjs.org/react-tiles
32 verbose publish registryBase https://registry.npmjs.org/
33 silly publish uploading /Users/vanbazhagan/.npm/react-tiles/2.0.0/package.tgz
34 verbose request uri https://registry.npmjs.org/react-tiles
35 verbose request sending authorization for write operation
36 info attempt registry request try #1 at 5:51:17 PM
37 verbose request using bearer token for auth
38 verbose request id b056dc94accb3271
39 http request PUT https://registry.npmjs.org/react-tiles
40 http 403 https://registry.npmjs.org/react-tiles
41 verbose headers { 'content-type': 'application/json',
41 verbose headers   'cache-control': 'max-age=300',
41 verbose headers   'content-length': '105',
41 verbose headers   'accept-ranges': 'bytes',
41 verbose headers   date: 'Wed, 25 Jan 2017 12:21:19 GMT',
41 verbose headers   via: '1.1 varnish',
41 verbose headers   connection: 'keep-alive',
41 verbose headers   'x-served-by': 'cache-sjc3135-SJC',
41 verbose headers   'x-cache': 'MISS',
41 verbose headers   'x-cache-hits': '0',
41 verbose headers   'x-timer': 'S1485346878.935134,VS0,VE741',
41 verbose headers   vary: 'Accept-Encoding' }
42 verbose request invalidating /Users/vanbazhagan/.npm/registry.npmjs.org/react-tiles on PUT
43 error publish Failed PUT 403
44 verbose stack Error: you do not have permission to publish "react-tiles". Are you logged in as the correct user? : react-tiles
44 verbose stack     at makeError (/usr/local/lib/node_modules/npm/node_modules/npm-registry-client/lib/request.js:302:12)
44 verbose stack     at CachingRegistryClient.<anonymous> (/usr/local/lib/node_modules/npm/node_modules/npm-registry-client/lib/request.js:290:14)
44 verbose stack     at Request._callback (/usr/local/lib/node_modules/npm/node_modules/npm-registry-client/lib/request.js:210:14)
44 verbose stack     at Request.self.callback (/usr/local/lib/node_modules/npm/node_modules/request/request.js:187:22)
44 verbose stack     at emitTwo (events.js:106:13)
44 verbose stack     at Request.emit (events.js:191:7)
44 verbose stack     at Request.<anonymous> (/usr/local/lib/node_modules/npm/node_modules/request/request.js:1048:10)
44 verbose stack     at emitOne (events.js:96:13)
44 verbose stack     at Request.emit (events.js:188:7)
44 verbose stack     at IncomingMessage.<anonymous> (/usr/local/lib/node_modules/npm/node_modules/request/request.js:969:12)
45 verbose statusCode 403
46 verbose pkgid react-tiles
47 verbose cwd /Users/vanbazhagan/Documents/react-tiles
48 error Darwin 16.1.0
49 error argv "/usr/local/bin/node" "/usr/local/bin/npm" "publish"
50 error node v6.5.0
51 error npm  v4.0.0
52 error code E403
53 error you do not have permission to publish "react-tiles". Are you logged in as the correct user? : react-tiles
54 error If you need help, you may report this error at:
54 error     <https://github.com/npm/npm/issues>
55 verbose exit [ 1, true ]
